<?xml version="1.0" encoding="UTF-8"?>
<!-- Generated by org.testng.reporters.JUnitReportReporter -->
<testsuite hostname="moon" name="Test.TestFunctionality" tests="1" failures="0" timestamp="11 Oct 2015 10:45:36 GMT" time="0.016" errors="0">
  <testcase name="TestNextPosMethod" time="0.016" classname="Test.TestFunctionality"/>
</testsuite> <!-- Test.TestFunctionality -->
